[2019-07-19 15:18:17 -0700] INFO:  Test 1. Assert that Obi-Wan Kenobi was in the film A New Hope
[2019-07-19 15:18:17 -0700] INFO: verify_character started.
[2019-07-19 15:18:17 -0700] INFO: verify_character verify_character Obi-Wan Kenobi and A New Hope.
[2019-07-19 15:18:19 -0700] INFO: verify_character Film: A New Hope
[2019-07-19 15:18:19 -0700] INFO: verify_character Film found!
[2019-07-19 15:18:19 -0700] INFO: verify_character A New Hope
[2019-07-19 15:18:19 -0700] INFO: verify_character Charaters in this film:
[2019-07-19 15:18:20 -0700] INFO: verify_character Luke Skywalker
[2019-07-19 15:18:21 -0700] INFO: verify_character C-3PO
[2019-07-19 15:18:22 -0700] INFO: verify_character R2-D2
[2019-07-19 15:18:23 -0700] INFO: verify_character Darth Vader
[2019-07-19 15:18:25 -0700] INFO: verify_character Leia Organa
[2019-07-19 15:18:26 -0700] INFO: verify_character Owen Lars
[2019-07-19 15:18:27 -0700] INFO: verify_character Beru Whitesun lars
[2019-07-19 15:18:27 -0700] INFO: verify_character R5-D4
[2019-07-19 15:18:28 -0700] INFO: verify_character Biggs Darklighter
[2019-07-19 15:18:28 -0700] INFO: verify_character Obi-Wan Kenobi
[2019-07-19 15:18:28 -0700] INFO: verify_character Character found!
[2019-07-19 15:18:28 -0700] INFO: verify_character Obi-Wan Kenobi was in the film!
[2019-07-19 15:18:28 -0700] INFO: verify_character ended.
[2019-07-19 15:18:28 -0700] INFO:  Test 2. Assert that the Enterprise is a starship (yes, this should fail)
[2019-07-19 15:18:28 -0700] INFO: verify_starship verify_starship Enterprise .
[2019-07-19 15:18:29 -0700] INFO: verify_starship {"count"=>0, "next"=>nil, "previous"=>nil, "results"=>[]}
[2019-07-19 15:18:29 -0700] ERROR: verify_starship No data found for Enterprise
[2019-07-19 15:18:29 -0700] INFO:  Test 3. Assert that Chewbacca is a Wookiee
[2019-07-19 15:18:30 -0700] INFO: verify_species [{"name"=>"Chewbacca", "height"=>"228", "mass"=>"112", "hair_color"=>"brown", "skin_color"=>"unknown", "eye_color"=>"blue", "birth_year"=>"200BBY", "gender"=>"male", "homeworld"=>"https://swapi.co/api/planets/14/", "films"=>["https://swapi.co/api/films/2/", "https://swapi.co/api/films/6/", "https://swapi.co/api/films/3/", "https://swapi.co/api/films/1/", "https://swapi.co/api/films/7/"], "species"=>["https://swapi.co/api/species/3/"], "vehicles"=>["https://swapi.co/api/vehicles/19/"], "starships"=>["https://swapi.co/api/starships/10/", "https://swapi.co/api/starships/22/"], "created"=>"2014-12-10T16:42:45.066000Z", "edited"=>"2014-12-20T21:17:50.332000Z", "url"=>"https://swapi.co/api/people/13/"}]
[2019-07-19 15:18:30 -0700] INFO: verify_species ["https://swapi.co/api/species/3/"]
[2019-07-19 15:18:30 -0700] INFO: verify_species {"name"=>"Wookiee", "classification"=>"mammal", "designation"=>"sentient", "average_height"=>"210", "skin_colors"=>"gray", "hair_colors"=>"black, brown", "eye_colors"=>"blue, green, yellow, brown, golden, red", "average_lifespan"=>"400", "homeworld"=>"https://swapi.co/api/planets/14/", "language"=>"Shyriiwook", "people"=>["https://swapi.co/api/people/13/", "https://swapi.co/api/people/80/"], "films"=>["https://swapi.co/api/films/2/", "https://swapi.co/api/films/7/", "https://swapi.co/api/films/6/", "https://swapi.co/api/films/3/", "https://swapi.co/api/films/1/"], "created"=>"2014-12-10T16:44:31.486000Z", "edited"=>"2015-01-30T21:23:03.074598Z", "url"=>"https://swapi.co/api/species/3/"}
[2019-07-19 15:18:30 -0700] INFO: verify_species Chewbacca belongs to Wookiee!
[2019-07-19 15:18:30 -0700] INFO:  Test 4. Assert that the /starships endpoint returns the fields
[2019-07-19 15:18:31 -0700] INFO: starships_response_contains name field exists!
[2019-07-19 15:18:31 -0700] INFO: starships_response_contains model field exists!
[2019-07-19 15:18:31 -0700] INFO: starships_response_contains crew field exists!
[2019-07-19 15:18:31 -0700] INFO: starships_response_contains hyperdrive_rating field exists!
[2019-07-19 15:18:31 -0700] INFO: starships_response_contains pilots field exists!
[2019-07-19 15:18:31 -0700] INFO: starships_response_contains films field exists!
[2019-07-19 15:18:31 -0700] INFO: starships_response_contains name field exists!
[2019-07-19 15:18:31 -0700] INFO: starships_response_contains model field exists!
[2019-07-19 15:18:31 -0700] INFO: starships_response_contains crew field exists!
[2019-07-19 15:18:31 -0700] INFO: starships_response_contains hyperdrive_rating field exists!
[2019-07-19 15:18:31 -0700] INFO: starships_response_contains pilots field exists!
[2019-07-19 15:18:31 -0700] INFO: starships_response_contains films field exists!
[2019-07-19 15:18:31 -0700] INFO: starships_response_contains name field exists!
[2019-07-19 15:18:31 -0700] INFO: starships_response_contains model field exists!
[2019-07-19 15:18:31 -0700] INFO: starships_response_contains crew field exists!
[2019-07-19 15:18:31 -0700] INFO: starships_response_contains hyperdrive_rating field exists!
[2019-07-19 15:18:31 -0700] INFO: starships_response_contains pilots field exists!
[2019-07-19 15:18:31 -0700] INFO: starships_response_contains films field exists!
[2019-07-19 15:18:31 -0700] INFO: starships_response_contains name field exists!
[2019-07-19 15:18:31 -0700] INFO: starships_response_contains model field exists!
[2019-07-19 15:18:31 -0700] INFO: starships_response_contains crew field exists!
[2019-07-19 15:18:31 -0700] INFO: starships_response_contains hyperdrive_rating field exists!
[2019-07-19 15:18:31 -0700] INFO: starships_response_contains pilots field exists!
[2019-07-19 15:18:31 -0700] INFO: starships_response_contains films field exists!
[2019-07-19 15:18:31 -0700] INFO: starships_response_contains name field exists!
[2019-07-19 15:18:31 -0700] INFO: starships_response_contains model field exists!
[2019-07-19 15:18:31 -0700] INFO: starships_response_contains crew field exists!
[2019-07-19 15:18:31 -0700] INFO: starships_response_contains hyperdrive_rating field exists!
[2019-07-19 15:18:31 -0700] INFO: starships_response_contains pilots field exists!
[2019-07-19 15:18:31 -0700] INFO: starships_response_contains films field exists!
[2019-07-19 15:18:31 -0700] INFO: starships_response_contains name field exists!
[2019-07-19 15:18:31 -0700] INFO: starships_response_contains model field exists!
[2019-07-19 15:18:31 -0700] INFO: starships_response_contains crew field exists!
[2019-07-19 15:18:31 -0700] INFO: starships_response_contains hyperdrive_rating field exists!
[2019-07-19 15:18:31 -0700] INFO: starships_response_contains pilots field exists!
[2019-07-19 15:18:31 -0700] INFO: starships_response_contains films field exists!
[2019-07-19 15:18:31 -0700] INFO: starships_response_contains name field exists!
[2019-07-19 15:18:31 -0700] INFO: starships_response_contains model field exists!
[2019-07-19 15:18:31 -0700] INFO: starships_response_contains crew field exists!
[2019-07-19 15:18:31 -0700] INFO: starships_response_contains hyperdrive_rating field exists!
[2019-07-19 15:18:31 -0700] INFO: starships_response_contains pilots field exists!
[2019-07-19 15:18:31 -0700] INFO: starships_response_contains films field exists!
[2019-07-19 15:18:31 -0700] INFO: starships_response_contains name field exists!
[2019-07-19 15:18:31 -0700] INFO: starships_response_contains model field exists!
[2019-07-19 15:18:31 -0700] INFO: starships_response_contains crew field exists!
[2019-07-19 15:18:31 -0700] INFO: starships_response_contains hyperdrive_rating field exists!
[2019-07-19 15:18:31 -0700] INFO: starships_response_contains pilots field exists!
[2019-07-19 15:18:31 -0700] INFO: starships_response_contains films field exists!
[2019-07-19 15:18:31 -0700] INFO: starships_response_contains name field exists!
[2019-07-19 15:18:31 -0700] INFO: starships_response_contains model field exists!
[2019-07-19 15:18:31 -0700] INFO: starships_response_contains crew field exists!
[2019-07-19 15:18:31 -0700] INFO: starships_response_contains hyperdrive_rating field exists!
[2019-07-19 15:18:31 -0700] INFO: starships_response_contains pilots field exists!
[2019-07-19 15:18:31 -0700] INFO: starships_response_contains films field exists!
[2019-07-19 15:18:31 -0700] INFO: starships_response_contains name field exists!
[2019-07-19 15:18:31 -0700] INFO: starships_response_contains model field exists!
[2019-07-19 15:18:31 -0700] INFO: starships_response_contains crew field exists!
[2019-07-19 15:18:31 -0700] INFO: starships_response_contains hyperdrive_rating field exists!
[2019-07-19 15:18:31 -0700] INFO: starships_response_contains pilots field exists!
[2019-07-19 15:18:31 -0700] INFO: starships_response_contains films field exists!
[2019-07-19 15:18:31 -0700] INFO:  Test 5.Assert that the /starships count returned is correct by paging through the results
[2019-07-19 15:18:31 -0700] INFO: verify_starship_count Ship count required: 37
[2019-07-19 15:18:31 -0700] INFO: verify_starship_count Current page:1********************
[2019-07-19 15:18:31 -0700] INFO: verify_starship_count Executor
[2019-07-19 15:18:31 -0700] INFO: verify_starship_count Sentinel-class landing craft
[2019-07-19 15:18:31 -0700] INFO: verify_starship_count Death Star
[2019-07-19 15:18:31 -0700] INFO: verify_starship_count Millennium Falcon
[2019-07-19 15:18:31 -0700] INFO: verify_starship_count Y-wing
[2019-07-19 15:18:31 -0700] INFO: verify_starship_count X-wing
[2019-07-19 15:18:31 -0700] INFO: verify_starship_count TIE Advanced x1
[2019-07-19 15:18:31 -0700] INFO: verify_starship_count Slave 1
[2019-07-19 15:18:31 -0700] INFO: verify_starship_count Imperial shuttle
[2019-07-19 15:18:31 -0700] INFO: verify_starship_count EF76 Nebulon-B escort frigate
[2019-07-19 15:18:31 -0700] INFO: verify_starship_count No. of space ships:10
[2019-07-19 15:18:31 -0700] INFO: verify_starship_count Next page exists*******************
[2019-07-19 15:18:32 -0700] INFO: verify_starship_count Current page:2********************
[2019-07-19 15:18:32 -0700] INFO: verify_starship_count Calamari Cruiser
[2019-07-19 15:18:32 -0700] INFO: verify_starship_count A-wing
[2019-07-19 15:18:32 -0700] INFO: verify_starship_count B-wing
[2019-07-19 15:18:32 -0700] INFO: verify_starship_count Republic Cruiser
[2019-07-19 15:18:32 -0700] INFO: verify_starship_count Naboo fighter
[2019-07-19 15:18:32 -0700] INFO: verify_starship_count Naboo Royal Starship
[2019-07-19 15:18:32 -0700] INFO: verify_starship_count Scimitar
[2019-07-19 15:18:32 -0700] INFO: verify_starship_count J-type diplomatic barge
[2019-07-19 15:18:32 -0700] INFO: verify_starship_count AA-9 Coruscant freighter
[2019-07-19 15:18:32 -0700] INFO: verify_starship_count Jedi starfighter
[2019-07-19 15:18:32 -0700] INFO: verify_starship_count No. of space ships:20
[2019-07-19 15:18:32 -0700] INFO: verify_starship_count Next page exists*******************
[2019-07-19 15:18:33 -0700] INFO: verify_starship_count Current page:3********************
[2019-07-19 15:18:33 -0700] INFO: verify_starship_count H-type Nubian yacht
[2019-07-19 15:18:33 -0700] INFO: verify_starship_count Star Destroyer
[2019-07-19 15:18:33 -0700] INFO: verify_starship_count Trade Federation cruiser
[2019-07-19 15:18:33 -0700] INFO: verify_starship_count Theta-class T-2c shuttle
[2019-07-19 15:18:33 -0700] INFO: verify_starship_count T-70 X-wing fighter
[2019-07-19 15:18:33 -0700] INFO: verify_starship_count Rebel transport
[2019-07-19 15:18:33 -0700] INFO: verify_starship_count Droid control ship
[2019-07-19 15:18:33 -0700] INFO: verify_starship_count Republic Assault ship
[2019-07-19 15:18:33 -0700] INFO: verify_starship_count Solar Sailer
[2019-07-19 15:18:33 -0700] INFO: verify_starship_count Republic attack cruiser
[2019-07-19 15:18:33 -0700] INFO: verify_starship_count No. of space ships:30
[2019-07-19 15:18:33 -0700] INFO: verify_starship_count Next page exists*******************
[2019-07-19 15:18:33 -0700] INFO: verify_starship_count Current page:4********************
[2019-07-19 15:18:33 -0700] INFO: verify_starship_count Naboo star skiff
[2019-07-19 15:18:33 -0700] INFO: verify_starship_count Jedi Interceptor
[2019-07-19 15:18:33 -0700] INFO: verify_starship_count arc-170
[2019-07-19 15:18:33 -0700] INFO: verify_starship_count Belbullab-22 starfighter
[2019-07-19 15:18:33 -0700] INFO: verify_starship_count V-wing
[2019-07-19 15:18:33 -0700] INFO: verify_starship_count CR90 corvette
[2019-07-19 15:18:33 -0700] INFO: verify_starship_count Banking clan frigate
[2019-07-19 15:18:33 -0700] INFO: verify_starship_count No. of space ships:37
[2019-07-19 15:18:33 -0700] INFO: verify_starship_count End of pagination.******************
[2019-07-19 15:18:33 -0700] INFO: verify_starship_count **********Total ship counts matched!***********
